<?xml version="1.0" encoding="UTF-8"?>
<testng-results skipped="0" failed="0" ignored="0" total="2" passed="2">
  <reporter-output>
  </reporter-output>
  <suite name="All Suite" duration-ms="110996" started-at="2023-01-18T15:44:34Z" finished-at="2023-01-18T15:46:25Z">
    <groups>
    </groups>
    <test name="Google Test" duration-ms="91820" started-at="2023-01-18T15:44:34Z" finished-at="2023-01-18T15:46:06Z">
      <class name="a1_googleTest.A1_GoogleTest">
        <test-method status="PASS" signature="verifyGooglePage()[pri:0, instance:a1_googleTest.A1_GoogleTest@148080bb]" name="verifyGooglePage" duration-ms="91757" started-at="2023-01-18T21:14:34Z" finished-at="2023-01-18T21:16:06Z">
          <reporter-output>
          </reporter-output>
        </test-method> <!-- verifyGooglePage -->
      </class> <!-- a1_googleTest.A1_GoogleTest -->
    </test> <!-- Google Test -->
    <test name="Bing Test" duration-ms="18329" started-at="2023-01-18T15:46:07Z" finished-at="2023-01-18T15:46:25Z">
      <class name="a2_bingTest.A1_BingTest">
        <test-method status="PASS" signature="verifyGooglePage()[pri:0, instance:a2_bingTest.A1_BingTest@3e9b1010]" name="verifyGooglePage" duration-ms="18329" started-at="2023-01-18T21:16:07Z" finished-at="2023-01-18T21:16:25Z">
          <reporter-output>
          </reporter-output>
        </test-method> <!-- verifyGooglePage -->
      </class> <!-- a2_bingTest.A1_BingTest -->
    </test> <!-- Bing Test -->
  </suite> <!-- All Suite -->
</testng-results>
